<?xml version="1.0" encoding="UTF-8"?>
<testsuite xmlns:xsi="http://www.w3.org/2001/XMLSchema-instance" xsi:noNamespaceSchemaLocation="https://maven.apache.org/surefire/maven-surefire-plugin/xsd/surefire-test-report-3.0.xsd" version="3.0" name="com.gameapp.controller.DashboardControllerTest" time="0.274" tests="11" errors="0" skipped="0" failures="0">
  <properties>
[...]
</properties>
  <testcase name="getDashboard_MultipleUsers_OwnUsername" classname="com.gameapp.controller.DashboardControllerTest" time="0.044">
    <system-out><![CDATA[2026-03-10T21:14:48.185+05:30  INFO 54887 --- [GameApp] [           main] t.c.s.AnnotationConfigContextLoaderUtils : Could not detect default configuration classes for test class [com.gameapp.controller.DashboardControllerTest]: DashboardControllerTest does not declare any static, non-private, non-final, nested classes annotated with @Configuration.
2026-03-10T21:14:48.193+05:30  INFO 54887 --- [GameApp] [           main] .b.t.c.SpringBootTestContextBootstrapper : Found @SpringBootConfiguration com.gameapp.GameAppApplication for test class com.gameapp.controller.DashboardControllerTest

  .   ____          _            __ _ _
 /\\ / ___'_ __ _ _(_)_ __  __ _ \ \ \ \
( ( )\___ | '_ | '_| | '_ \/ _` | \ \ \ \
 \\/  ___)| |_)| | | | | || (_| |  ) ) ) )
  '  |____| .__|_| |_|_| |_\__, | / / / /
 =========|_|==============|___/=/_/_/_/

 :: Spring Boot ::                (v3.3.2)

2026-03-10T21:14:48.205+05:30  INFO 54887 --- [GameApp] [           main] c.g.controller.DashboardControllerTest   : Starting DashboardControllerTest using Java 17.0.11 with PID 54887 (started by manojkrishnappa in /Users/manojkrishnappa/Second-project/SnakeGame)
2026-03-10T21:14:48.205+05:30 DEBUG 54887 --- [GameApp] [           main] c.g.controller.DashboardControllerTest   : Running with Spring Boot v3.3.2, Spring v6.1.11
2026-03-10T21:14:48.205+05:30  INFO 54887 --- [GameApp] [           main] c.g.controller.DashboardControllerTest   : The following 1 profile is active: "test"
2026-03-10T21:14:48.310+05:30  INFO 54887 --- [GameApp] [           main] r$InitializeUserDetailsManagerConfigurer : Global AuthenticationManager configured with UserDetailsService bean with name com.gameapp.service.UserService#0
2026-03-10T21:14:48.330+05:30 DEBUG 54887 --- [GameApp] [           main] o.s.s.web.DefaultSecurityFilterChain     : Will secure any request with filters: DisableEncodeUrlFilter, WebAsyncManagerIntegrationFilter, SecurityContextHolderFilter, HeaderWriterFilter, CorsFilter, CsrfFilter, LogoutFilter, UsernamePasswordAuthenticationFilter, ConcurrentSessionFilter, RequestCacheAwareFilter, SecurityContextHolderAwareRequestFilter, AnonymousAuthenticationFilter, SessionManagementFilter, ExceptionTranslationFilter, AuthorizationFilter
2026-03-10T21:14:48.346+05:30  INFO 54887 --- [GameApp] [           main] o.s.b.t.m.w.SpringBootMockServletContext : Initializing Spring TestDispatcherServlet ''
2026-03-10T21:14:48.346+05:30  INFO 54887 --- [GameApp] [           main] o.s.t.web.servlet.TestDispatcherServlet  : Initializing Servlet ''
2026-03-10T21:14:48.347+05:30  INFO 54887 --- [GameApp] [           main] o.s.t.web.servlet.TestDispatcherServlet  : Completed initialization in 1 ms
2026-03-10T21:14:48.350+05:30  INFO 54887 --- [GameApp] [           main] c.g.controller.DashboardControllerTest   : Started DashboardControllerTest in 0.155 seconds (process running for 11.261)
2026-03-10T21:14:48.375+05:30 DEBUG 54887 --- [GameApp] [           main] w.c.HttpSessionSecurityContextRepository : Created HttpSession as SecurityContext is non-default
2026-03-10T21:14:48.375+05:30 DEBUG 54887 --- [GameApp] [           main] w.c.HttpSessionSecurityContextRepository : Stored SecurityContextImpl [Authentication=UsernamePasswordAuthenticationToken [Principal=org.springframework.security.core.userdetails.User [Username=user_a, Password=[PROTECTED], Enabled=true, AccountNonExpired=true, CredentialsNonExpired=true, AccountNonLocked=true, Granted Authorities=[ROLE_USER]], Credentials=[PROTECTED], Authenticated=true, Details=null, Granted Authorities=[ROLE_USER]]] to HttpSession [org.springframework.mock.web.MockHttpSession@445be104]
2026-03-10T21:14:48.376+05:30 DEBUG 54887 --- [GameApp] [           main] o.s.security.web.FilterChainProxy        : Securing GET /dashboard
2026-03-10T21:14:48.376+05:30 DEBUG 54887 --- [GameApp] [           main] w.c.HttpSessionSecurityContextRepository : Retrieved SecurityContextImpl [Authentication=UsernamePasswordAuthenticationToken [Principal=org.springframework.security.core.userdetails.User [Username=user_a, Password=[PROTECTED], Enabled=true, AccountNonExpired=true, CredentialsNonExpired=true, AccountNonLocked=true, Granted Authorities=[ROLE_USER]], Credentials=[PROTECTED], Authenticated=true, Details=null, Granted Authorities=[ROLE_USER]]]
2026-03-10T21:14:48.376+05:30 DEBUG 54887 --- [GameApp] [           main] o.s.security.web.FilterChainProxy        : Secured GET /dashboard
]]></system-out>
  </testcase>
  <testcase name="getSnake_Authenticated_ReturnsView" classname="com.gameapp.controller.DashboardControllerTest" time="0.009">
    <system-out><![CDATA[2026-03-10T21:14:48.397+05:30 DEBUG 54887 --- [GameApp] [           main] w.c.HttpSessionSecurityContextRepository : Created HttpSession as SecurityContext is non-default
2026-03-10T21:14:48.397+05:30 DEBUG 54887 --- [GameApp] [           main] w.c.HttpSessionSecurityContextRepository : Stored SecurityContextImpl [Authentication=UsernamePasswordAuthenticationToken [Principal=org.springframework.security.core.userdetails.User [Username=player1, Password=[PROTECTED], Enabled=true, AccountNonExpired=true, CredentialsNonExpired=true, AccountNonLocked=true, Granted Authorities=[ROLE_USER]], Credentials=[PROTECTED], Authenticated=true, Details=null, Granted Authorities=[ROLE_USER]]] to HttpSession [org.springframework.mock.web.MockHttpSession@35304516]
2026-03-10T21:14:48.398+05:30 DEBUG 54887 --- [GameApp] [           main] o.s.security.web.FilterChainProxy        : Securing GET /game/snake
2026-03-10T21:14:48.398+05:30 DEBUG 54887 --- [GameApp] [           main] w.c.HttpSessionSecurityContextRepository : Retrieved SecurityContextImpl [Authentication=UsernamePasswordAuthenticationToken [Principal=org.springframework.security.core.userdetails.User [Username=player1, Password=[PROTECTED], Enabled=true, AccountNonExpired=true, CredentialsNonExpired=true, AccountNonLocked=true, Granted Authorities=[ROLE_USER]], Credentials=[PROTECTED], Authenticated=true, Details=null, Granted Authorities=[ROLE_USER]]]
2026-03-10T21:14:48.398+05:30 DEBUG 54887 --- [GameApp] [           main] o.s.security.web.FilterChainProxy        : Secured GET /game/snake
]]></system-out>
  </testcase>
  <testcase name="getCalculator_Authenticated_ReturnsView" classname="com.gameapp.controller.DashboardControllerTest" time="0.007">
    <system-out><![CDATA[2026-03-10T21:14:48.407+05:30 DEBUG 54887 --- [GameApp] [           main] w.c.HttpSessionSecurityContextRepository : Created HttpSession as SecurityContext is non-default
2026-03-10T21:14:48.407+05:30 DEBUG 54887 --- [GameApp] [           main] w.c.HttpSessionSecurityContextRepository : Stored SecurityContextImpl [Authentication=UsernamePasswordAuthenticationToken [Principal=org.springframework.security.core.userdetails.User [Username=mathguy, Password=[PROTECTED], Enabled=true, AccountNonExpired=true, CredentialsNonExpired=true, AccountNonLocked=true, Granted Authorities=[ROLE_USER]], Credentials=[PROTECTED], Authenticated=true, Details=null, Granted Authorities=[ROLE_USER]]] to HttpSession [org.springframework.mock.web.MockHttpSession@740f6565]
2026-03-10T21:14:48.407+05:30 DEBUG 54887 --- [GameApp] [           main] o.s.security.web.FilterChainProxy        : Securing GET /calculator
2026-03-10T21:14:48.407+05:30 DEBUG 54887 --- [GameApp] [           main] w.c.HttpSessionSecurityContextRepository : Retrieved SecurityContextImpl [Authentication=UsernamePasswordAuthenticationToken [Principal=org.springframework.security.core.userdetails.User [Username=mathguy, Password=[PROTECTED], Enabled=true, AccountNonExpired=true, CredentialsNonExpired=true, AccountNonLocked=true, Granted Authorities=[ROLE_USER]], Credentials=[PROTECTED], Authenticated=true, Details=null, Granted Authorities=[ROLE_USER]]]
2026-03-10T21:14:48.407+05:30 DEBUG 54887 --- [GameApp] [           main] o.s.security.web.FilterChainProxy        : Secured GET /calculator
]]></system-out>
  </testcase>
  <testcase name="getSnake_Unauthenticated_RedirectsToLogin" classname="com.gameapp.controller.DashboardControllerTest" time="0.003">
    <system-out><![CDATA[2026-03-10T21:14:48.414+05:30 DEBUG 54887 --- [GameApp] [           main] o.s.security.web.FilterChainProxy        : Securing GET /game/snake
2026-03-10T21:14:48.414+05:30 DEBUG 54887 --- [GameApp] [           main] o.s.s.w.a.AnonymousAuthenticationFilter  : Set SecurityContextHolder to anonymous SecurityContext
2026-03-10T21:14:48.415+05:30 DEBUG 54887 --- [GameApp] [           main] o.s.s.w.s.HttpSessionRequestCache        : Saved request http://localhost/game/snake?continue to session
2026-03-10T21:14:48.415+05:30 DEBUG 54887 --- [GameApp] [           main] o.s.s.web.DefaultRedirectStrategy        : Redirecting to http://localhost/login
]]></system-out>
  </testcase>
  <testcase name="getDashboard_Authenticated_ReturnsView" classname="com.gameapp.controller.DashboardControllerTest" time="0.008">
    <system-out><![CDATA[2026-03-10T21:14:48.418+05:30 DEBUG 54887 --- [GameApp] [           main] w.c.HttpSessionSecurityContextRepository : Created HttpSession as SecurityContext is non-default
2026-03-10T21:14:48.418+05:30 DEBUG 54887 --- [GameApp] [           main] w.c.HttpSessionSecurityContextRepository : Stored SecurityContextImpl [Authentication=UsernamePasswordAuthenticationToken [Principal=org.springframework.security.core.userdetails.User [Username=alice, Password=[PROTECTED], Enabled=true, AccountNonExpired=true, CredentialsNonExpired=true, AccountNonLocked=true, Granted Authorities=[ROLE_USER]], Credentials=[PROTECTED], Authenticated=true, Details=null, Granted Authorities=[ROLE_USER]]] to HttpSession [org.springframework.mock.web.MockHttpSession@62a244e4]
2026-03-10T21:14:48.420+05:30 DEBUG 54887 --- [GameApp] [           main] o.s.security.web.FilterChainProxy        : Securing GET /dashboard
2026-03-10T21:14:48.420+05:30 DEBUG 54887 --- [GameApp] [           main] w.c.HttpSessionSecurityContextRepository : Retrieved SecurityContextImpl [Authentication=UsernamePasswordAuthenticationToken [Principal=org.springframework.security.core.userdetails.User [Username=alice, Password=[PROTECTED], Enabled=true, AccountNonExpired=true, CredentialsNonExpired=true, AccountNonLocked=true, Granted Authorities=[ROLE_USER]], Credentials=[PROTECTED], Authenticated=true, Details=null, Granted Authorities=[ROLE_USER]]]
2026-03-10T21:14:48.420+05:30 DEBUG 54887 --- [GameApp] [           main] o.s.security.web.FilterChainProxy        : Secured GET /dashboard
]]></system-out>
  </testcase>
  <testcase name="getDashboard_Unauthenticated_RedirectsToLogin" classname="com.gameapp.controller.DashboardControllerTest" time="0.002">
    <system-out><![CDATA[2026-03-10T21:14:48.427+05:30 DEBUG 54887 --- [GameApp] [           main] o.s.security.web.FilterChainProxy        : Securing GET /dashboard
2026-03-10T21:14:48.427+05:30 DEBUG 54887 --- [GameApp] [           main] o.s.s.w.a.AnonymousAuthenticationFilter  : Set SecurityContextHolder to anonymous SecurityContext
2026-03-10T21:14:48.427+05:30 DEBUG 54887 --- [GameApp] [           main] o.s.s.w.s.HttpSessionRequestCache        : Saved request http://localhost/dashboard?continue to session
2026-03-10T21:14:48.427+05:30 DEBUG 54887 --- [GameApp] [           main] o.s.s.web.DefaultRedirectStrategy        : Redirecting to http://localhost/login
]]></system-out>
  </testcase>
  <testcase name="getCalculator_Unauthenticated_RedirectsToLogin" classname="com.gameapp.controller.DashboardControllerTest" time="0.001">
    <system-out><![CDATA[2026-03-10T21:14:48.429+05:30 DEBUG 54887 --- [GameApp] [           main] o.s.security.web.FilterChainProxy        : Securing GET /calculator
2026-03-10T21:14:48.429+05:30 DEBUG 54887 --- [GameApp] [           main] o.s.s.w.a.AnonymousAuthenticationFilter  : Set SecurityContextHolder to anonymous SecurityContext
2026-03-10T21:14:48.430+05:30 DEBUG 54887 --- [GameApp] [           main] o.s.s.w.s.HttpSessionRequestCache        : Saved request http://localhost/calculator?continue to session
2026-03-10T21:14:48.430+05:30 DEBUG 54887 --- [GameApp] [           main] o.s.s.web.DefaultRedirectStrategy        : Redirecting to http://localhost/login
]]></system-out>
  </testcase>
  <testcase name="getCalculator_SetsDisplayName" classname="com.gameapp.controller.DashboardControllerTest" time="0.006">
    <system-out><![CDATA[2026-03-10T21:14:48.432+05:30 DEBUG 54887 --- [GameApp] [           main] w.c.HttpSessionSecurityContextRepository : Created HttpSession as SecurityContext is non-default
2026-03-10T21:14:48.432+05:30 DEBUG 54887 --- [GameApp] [           main] w.c.HttpSessionSecurityContextRepository : Stored SecurityContextImpl [Authentication=UsernamePasswordAuthenticationToken [Principal=org.springframework.security.core.userdetails.User [Username=mathpro, Password=[PROTECTED], Enabled=true, AccountNonExpired=true, CredentialsNonExpired=true, AccountNonLocked=true, Granted Authorities=[ROLE_USER]], Credentials=[PROTECTED], Authenticated=true, Details=null, Granted Authorities=[ROLE_USER]]] to HttpSession [org.springframework.mock.web.MockHttpSession@499561ed]
2026-03-10T21:14:48.432+05:30 DEBUG 54887 --- [GameApp] [           main] o.s.security.web.FilterChainProxy        : Securing GET /calculator
2026-03-10T21:14:48.433+05:30 DEBUG 54887 --- [GameApp] [           main] w.c.HttpSessionSecurityContextRepository : Retrieved SecurityContextImpl [Authentication=UsernamePasswordAuthenticationToken [Principal=org.springframework.security.core.userdetails.User [Username=mathpro, Password=[PROTECTED], Enabled=true, AccountNonExpired=true, CredentialsNonExpired=true, AccountNonLocked=true, Granted Authorities=[ROLE_USER]], Credentials=[PROTECTED], Authenticated=true, Details=null, Granted Authorities=[ROLE_USER]]]
2026-03-10T21:14:48.433+05:30 DEBUG 54887 --- [GameApp] [           main] o.s.security.web.FilterChainProxy        : Secured GET /calculator
]]></system-out>
  </testcase>
  <testcase name="getDashboard_UserWithNoName" classname="com.gameapp.controller.DashboardControllerTest" time="0.006">
    <system-out><![CDATA[2026-03-10T21:14:48.439+05:30 DEBUG 54887 --- [GameApp] [           main] w.c.HttpSessionSecurityContextRepository : Created HttpSession as SecurityContext is non-default
2026-03-10T21:14:48.439+05:30 DEBUG 54887 --- [GameApp] [           main] w.c.HttpSessionSecurityContextRepository : Stored SecurityContextImpl [Authentication=UsernamePasswordAuthenticationToken [Principal=org.springframework.security.core.userdetails.User [Username=noname, Password=[PROTECTED], Enabled=true, AccountNonExpired=true, CredentialsNonExpired=true, AccountNonLocked=true, Granted Authorities=[ROLE_USER]], Credentials=[PROTECTED], Authenticated=true, Details=null, Granted Authorities=[ROLE_USER]]] to HttpSession [org.springframework.mock.web.MockHttpSession@7a72a1aa]
2026-03-10T21:14:48.440+05:30 DEBUG 54887 --- [GameApp] [           main] o.s.security.web.FilterChainProxy        : Securing GET /dashboard
2026-03-10T21:14:48.440+05:30 DEBUG 54887 --- [GameApp] [           main] w.c.HttpSessionSecurityContextRepository : Retrieved SecurityContextImpl [Authentication=UsernamePasswordAuthenticationToken [Principal=org.springframework.security.core.userdetails.User [Username=noname, Password=[PROTECTED], Enabled=true, AccountNonExpired=true, CredentialsNonExpired=true, AccountNonLocked=true, Granted Authorities=[ROLE_USER]], Credentials=[PROTECTED], Authenticated=true, Details=null, Granted Authorities=[ROLE_USER]]]
2026-03-10T21:14:48.440+05:30 DEBUG 54887 --- [GameApp] [           main] o.s.security.web.FilterChainProxy        : Secured GET /dashboard
]]></system-out>
  </testcase>
  <testcase name="getSnake_SetsDisplayName" classname="com.gameapp.controller.DashboardControllerTest" time="0.006">
    <system-out><![CDATA[2026-03-10T21:14:48.445+05:30 DEBUG 54887 --- [GameApp] [           main] w.c.HttpSessionSecurityContextRepository : Created HttpSession as SecurityContext is non-default
2026-03-10T21:14:48.445+05:30 DEBUG 54887 --- [GameApp] [           main] w.c.HttpSessionSecurityContextRepository : Stored SecurityContextImpl [Authentication=UsernamePasswordAuthenticationToken [Principal=org.springframework.security.core.userdetails.User [Username=gamer, Password=[PROTECTED], Enabled=true, AccountNonExpired=true, CredentialsNonExpired=true, AccountNonLocked=true, Granted Authorities=[ROLE_USER]], Credentials=[PROTECTED], Authenticated=true, Details=null, Granted Authorities=[ROLE_USER]]] to HttpSession [org.springframework.mock.web.MockHttpSession@4996b2d8]
2026-03-10T21:14:48.445+05:30 DEBUG 54887 --- [GameApp] [           main] o.s.security.web.FilterChainProxy        : Securing GET /game/snake
2026-03-10T21:14:48.445+05:30 DEBUG 54887 --- [GameApp] [           main] w.c.HttpSessionSecurityContextRepository : Retrieved SecurityContextImpl [Authentication=UsernamePasswordAuthenticationToken [Principal=org.springframework.security.core.userdetails.User [Username=gamer, Password=[PROTECTED], Enabled=true, AccountNonExpired=true, CredentialsNonExpired=true, AccountNonLocked=true, Granted Authorities=[ROLE_USER]], Credentials=[PROTECTED], Authenticated=true, Details=null, Granted Authorities=[ROLE_USER]]]
2026-03-10T21:14:48.445+05:30 DEBUG 54887 --- [GameApp] [           main] o.s.security.web.FilterChainProxy        : Secured GET /game/snake
]]></system-out>
  </testcase>
  <testcase name="getDashboard_SetsDisplayName" classname="com.gameapp.controller.DashboardControllerTest" time="0.007">
    <system-out><![CDATA[2026-03-10T21:14:48.452+05:30 DEBUG 54887 --- [GameApp] [           main] w.c.HttpSessionSecurityContextRepository : Created HttpSession as SecurityContext is non-default
2026-03-10T21:14:48.452+05:30 DEBUG 54887 --- [GameApp] [           main] w.c.HttpSessionSecurityContextRepository : Stored SecurityContextImpl [Authentication=UsernamePasswordAuthenticationToken [Principal=org.springframework.security.core.userdetails.User [Username=bob, Password=[PROTECTED], Enabled=true, AccountNonExpired=true, CredentialsNonExpired=true, AccountNonLocked=true, Granted Authorities=[ROLE_USER]], Credentials=[PROTECTED], Authenticated=true, Details=null, Granted Authorities=[ROLE_USER]]] to HttpSession [org.springframework.mock.web.MockHttpSession@504e17f8]
2026-03-10T21:14:48.452+05:30 DEBUG 54887 --- [GameApp] [           main] o.s.security.web.FilterChainProxy        : Securing GET /dashboard
2026-03-10T21:14:48.452+05:30 DEBUG 54887 --- [GameApp] [           main] w.c.HttpSessionSecurityContextRepository : Retrieved SecurityContextImpl [Authentication=UsernamePasswordAuthenticationToken [Principal=org.springframework.security.core.userdetails.User [Username=bob, Password=[PROTECTED], Enabled=true, AccountNonExpired=true, CredentialsNonExpired=true, AccountNonLocked=true, Granted Authorities=[ROLE_USER]], Credentials=[PROTECTED], Authenticated=true, Details=null, Granted Authorities=[ROLE_USER]]]
2026-03-10T21:14:48.452+05:30 DEBUG 54887 --- [GameApp] [           main] o.s.security.web.FilterChainProxy        : Secured GET /dashboard
]]></system-out>
  </testcase>
</testsuite>