<?xml version="1.0" encoding="UTF-8"?>
<testsuite xmlns:xsi="http://www.w3.org/2001/XMLSchema-instance" xsi:noNamespaceSchemaLocation="https://maven.apache.org/surefire/maven-surefire-plugin/xsd/surefire-test-report.xsd" version="3.0.2" name="com.gameapp.controller.DashboardControllerTest" time="0.155" tests="11" errors="0" skipped="0" failures="0">
  <properties>
[...]
</properties>
  <testcase name="getDashboard_MultipleUsers_OwnUsername" classname="com.gameapp.controller.DashboardControllerTest" time="0.016">
    <system-out><![CDATA[2026-07-02T21:29:02.832+05:30  INFO 41330 --- [GameApp] [           main] t.c.s.AnnotationConfigContextLoaderUtils : Could not detect default configuration classes for test class [com.gameapp.controller.DashboardControllerTest]: DashboardControllerTest does not declare any static, non-private, non-final, nested classes annotated with @Configuration.
2026-07-02T21:29:02.839+05:30  INFO 41330 --- [GameApp] [           main] .b.t.c.SpringBootTestContextBootstrapper : Found @SpringBootConfiguration com.gameapp.GameAppApplication for test class com.gameapp.controller.DashboardControllerTest

  .   ____          _            __ _ _
 /\\ / ___'_ __ _ _(_)_ __  __ _ \ \ \ \
( ( )\___ | '_ | '_| | '_ \/ _` | \ \ \ \
 \\/  ___)| |_)| | | | | || (_| |  ) ) ) )
  '  |____| .__|_| |_|_| |_\__, | / / / /
 =========|_|==============|___/=/_/_/_/

 :: Spring Boot ::                (v3.4.3)

2026-07-02T21:29:02.847+05:30  INFO 41330 --- [GameApp] [           main] c.g.controller.DashboardControllerTest   : Starting DashboardControllerTest using Java 17.0.19 with PID 41330 (started by manojkrishnappa in /Users/manojkrishnappa/github/SnakeGame)
2026-07-02T21:29:02.847+05:30 DEBUG 41330 --- [GameApp] [           main] c.g.controller.DashboardControllerTest   : Running with Spring Boot v3.4.3, Spring v6.2.3
2026-07-02T21:29:02.847+05:30  INFO 41330 --- [GameApp] [           main] c.g.controller.DashboardControllerTest   : The following 1 profile is active: "test"
2026-07-02T21:29:02.903+05:30  INFO 41330 --- [GameApp] [           main] r$InitializeUserDetailsManagerConfigurer : Global AuthenticationManager configured with UserDetailsService bean with name com.gameapp.service.UserService#0
2026-07-02T21:29:02.915+05:30 DEBUG 41330 --- [GameApp] [           main] o.s.s.web.DefaultSecurityFilterChain     : Will secure any request with filters: DisableEncodeUrlFilter, WebAsyncManagerIntegrationFilter, SecurityContextHolderFilter, HeaderWriterFilter, CsrfFilter, LogoutFilter, UsernamePasswordAuthenticationFilter, ConcurrentSessionFilter, RequestCacheAwareFilter, SecurityContextHolderAwareRequestFilter, AnonymousAuthenticationFilter, SessionManagementFilter, ExceptionTranslationFilter, AuthorizationFilter
2026-07-02T21:29:02.918+05:30  INFO 41330 --- [GameApp] [           main] o.s.v.b.OptionalValidatorFactoryBean     : Failed to set up a Bean Validation provider: jakarta.validation.NoProviderFoundException: Unable to create a Configuration, because no Jakarta Bean Validation provider could be found. Add a provider like Hibernate Validator (RI) to your classpath.
2026-07-02T21:29:02.922+05:30  INFO 41330 --- [GameApp] [           main] o.s.b.t.m.w.SpringBootMockServletContext : Initializing Spring TestDispatcherServlet ''
2026-07-02T21:29:02.922+05:30  INFO 41330 --- [GameApp] [           main] o.s.t.web.servlet.TestDispatcherServlet  : Initializing Servlet ''
2026-07-02T21:29:02.923+05:30  INFO 41330 --- [GameApp] [           main] o.s.t.web.servlet.TestDispatcherServlet  : Completed initialization in 1 ms
2026-07-02T21:29:02.925+05:30  INFO 41330 --- [GameApp] [           main] c.g.controller.DashboardControllerTest   : Started DashboardControllerTest in 0.084 seconds (process running for 6.577)
2026-07-02T21:29:02.933+05:30 DEBUG 41330 --- [GameApp] [           main] w.c.HttpSessionSecurityContextRepository : Created HttpSession as SecurityContext is non-default
2026-07-02T21:29:02.934+05:30 DEBUG 41330 --- [GameApp] [           main] w.c.HttpSessionSecurityContextRepository : Stored SecurityContextImpl [Authentication=UsernamePasswordAuthenticationToken [Principal=org.springframework.security.core.userdetails.User [Username=user_a, Password=[PROTECTED], Enabled=true, AccountNonExpired=true, CredentialsNonExpired=true, AccountNonLocked=true, Granted Authorities=[ROLE_USER]], Credentials=[PROTECTED], Authenticated=true, Details=null, Granted Authorities=[ROLE_USER]]] to HttpSession [org.springframework.mock.web.MockHttpSession@4d97c12c]
2026-07-02T21:29:02.934+05:30 DEBUG 41330 --- [GameApp] [           main] o.s.security.web.FilterChainProxy        : Securing GET /dashboard
2026-07-02T21:29:02.934+05:30 DEBUG 41330 --- [GameApp] [           main] w.c.HttpSessionSecurityContextRepository : Retrieved SecurityContextImpl [Authentication=UsernamePasswordAuthenticationToken [Principal=org.springframework.security.core.userdetails.User [Username=user_a, Password=[PROTECTED], Enabled=true, AccountNonExpired=true, CredentialsNonExpired=true, AccountNonLocked=true, Granted Authorities=[ROLE_USER]], Credentials=[PROTECTED], Authenticated=true, Details=null, Granted Authorities=[ROLE_USER]]]
2026-07-02T21:29:02.934+05:30 DEBUG 41330 --- [GameApp] [           main] o.s.security.web.FilterChainProxy        : Secured GET /dashboard
]]></system-out>
  </testcase>
  <testcase name="getSnake_Authenticated_ReturnsView" classname="com.gameapp.controller.DashboardControllerTest" time="0.005">
    <system-out><![CDATA[2026-07-02T21:29:02.944+05:30 DEBUG 41330 --- [GameApp] [           main] w.c.HttpSessionSecurityContextRepository : Created HttpSession as SecurityContext is non-default
2026-07-02T21:29:02.944+05:30 DEBUG 41330 --- [GameApp] [           main] w.c.HttpSessionSecurityContextRepository : Stored SecurityContextImpl [Authentication=UsernamePasswordAuthenticationToken [Principal=org.springframework.security.core.userdetails.User [Username=player1, Password=[PROTECTED], Enabled=true, AccountNonExpired=true, CredentialsNonExpired=true, AccountNonLocked=true, Granted Authorities=[ROLE_USER]], Credentials=[PROTECTED], Authenticated=true, Details=null, Granted Authorities=[ROLE_USER]]] to HttpSession [org.springframework.mock.web.MockHttpSession@749e4d40]
2026-07-02T21:29:02.944+05:30 DEBUG 41330 --- [GameApp] [           main] o.s.security.web.FilterChainProxy        : Securing GET /game/snake
2026-07-02T21:29:02.945+05:30 DEBUG 41330 --- [GameApp] [           main] w.c.HttpSessionSecurityContextRepository : Retrieved SecurityContextImpl [Authentication=UsernamePasswordAuthenticationToken [Principal=org.springframework.security.core.userdetails.User [Username=player1, Password=[PROTECTED], Enabled=true, AccountNonExpired=true, CredentialsNonExpired=true, AccountNonLocked=true, Granted Authorities=[ROLE_USER]], Credentials=[PROTECTED], Authenticated=true, Details=null, Granted Authorities=[ROLE_USER]]]
2026-07-02T21:29:02.945+05:30 DEBUG 41330 --- [GameApp] [           main] o.s.security.web.FilterChainProxy        : Secured GET /game/snake
]]></system-out>
  </testcase>
  <testcase name="getCalculator_Authenticated_ReturnsView" classname="com.gameapp.controller.DashboardControllerTest" time="0.004">
    <system-out><![CDATA[2026-07-02T21:29:02.950+05:30 DEBUG 41330 --- [GameApp] [           main] w.c.HttpSessionSecurityContextRepository : Created HttpSession as SecurityContext is non-default
2026-07-02T21:29:02.950+05:30 DEBUG 41330 --- [GameApp] [           main] w.c.HttpSessionSecurityContextRepository : Stored SecurityContextImpl [Authentication=UsernamePasswordAuthenticationToken [Principal=org.springframework.security.core.userdetails.User [Username=mathguy, Password=[PROTECTED], Enabled=true, AccountNonExpired=true, CredentialsNonExpired=true, AccountNonLocked=true, Granted Authorities=[ROLE_USER]], Credentials=[PROTECTED], Authenticated=true, Details=null, Granted Authorities=[ROLE_USER]]] to HttpSession [org.springframework.mock.web.MockHttpSession@2a67ed1f]
2026-07-02T21:29:02.950+05:30 DEBUG 41330 --- [GameApp] [           main] o.s.security.web.FilterChainProxy        : Securing GET /calculator
2026-07-02T21:29:02.950+05:30 DEBUG 41330 --- [GameApp] [           main] w.c.HttpSessionSecurityContextRepository : Retrieved SecurityContextImpl [Authentication=UsernamePasswordAuthenticationToken [Principal=org.springframework.security.core.userdetails.User [Username=mathguy, Password=[PROTECTED], Enabled=true, AccountNonExpired=true, CredentialsNonExpired=true, AccountNonLocked=true, Granted Authorities=[ROLE_USER]], Credentials=[PROTECTED], Authenticated=true, Details=null, Granted Authorities=[ROLE_USER]]]
2026-07-02T21:29:02.950+05:30 DEBUG 41330 --- [GameApp] [           main] o.s.security.web.FilterChainProxy        : Secured GET /calculator
]]></system-out>
  </testcase>
  <testcase name="getSnake_Unauthenticated_RedirectsToLogin" classname="com.gameapp.controller.DashboardControllerTest" time="0.002">
    <system-out><![CDATA[2026-07-02T21:29:02.953+05:30 DEBUG 41330 --- [GameApp] [           main] o.s.security.web.FilterChainProxy        : Securing GET /game/snake
2026-07-02T21:29:02.953+05:30 DEBUG 41330 --- [GameApp] [           main] o.s.s.w.a.AnonymousAuthenticationFilter  : Set SecurityContextHolder to anonymous SecurityContext
2026-07-02T21:29:02.954+05:30 DEBUG 41330 --- [GameApp] [           main] o.s.s.w.s.HttpSessionRequestCache        : Saved request http://localhost/game/snake?continue to session
2026-07-02T21:29:02.954+05:30 DEBUG 41330 --- [GameApp] [           main] o.s.s.web.DefaultRedirectStrategy        : Redirecting to http://localhost/login
]]></system-out>
  </testcase>
  <testcase name="getDashboard_Authenticated_ReturnsView" classname="com.gameapp.controller.DashboardControllerTest" time="0.006">
    <system-out><![CDATA[2026-07-02T21:29:02.957+05:30 DEBUG 41330 --- [GameApp] [           main] w.c.HttpSessionSecurityContextRepository : Created HttpSession as SecurityContext is non-default
2026-07-02T21:29:02.957+05:30 DEBUG 41330 --- [GameApp] [           main] w.c.HttpSessionSecurityContextRepository : Stored SecurityContextImpl [Authentication=UsernamePasswordAuthenticationToken [Principal=org.springframework.security.core.userdetails.User [Username=alice, Password=[PROTECTED], Enabled=true, AccountNonExpired=true, CredentialsNonExpired=true, AccountNonLocked=true, Granted Authorities=[ROLE_USER]], Credentials=[PROTECTED], Authenticated=true, Details=null, Granted Authorities=[ROLE_USER]]] to HttpSession [org.springframework.mock.web.MockHttpSession@4a3e5552]
2026-07-02T21:29:02.957+05:30 DEBUG 41330 --- [GameApp] [           main] o.s.security.web.FilterChainProxy        : Securing GET /dashboard
2026-07-02T21:29:02.957+05:30 DEBUG 41330 --- [GameApp] [           main] w.c.HttpSessionSecurityContextRepository : Retrieved SecurityContextImpl [Authentication=UsernamePasswordAuthenticationToken [Principal=org.springframework.security.core.userdetails.User [Username=alice, Password=[PROTECTED], Enabled=true, AccountNonExpired=true, CredentialsNonExpired=true, AccountNonLocked=true, Granted Authorities=[ROLE_USER]], Credentials=[PROTECTED], Authenticated=true, Details=null, Granted Authorities=[ROLE_USER]]]
2026-07-02T21:29:02.958+05:30 DEBUG 41330 --- [GameApp] [           main] o.s.security.web.FilterChainProxy        : Secured GET /dashboard
]]></system-out>
  </testcase>
  <testcase name="getDashboard_Unauthenticated_RedirectsToLogin" classname="com.gameapp.controller.DashboardControllerTest" time="0.001">
    <system-out><![CDATA[2026-07-02T21:29:02.963+05:30 DEBUG 41330 --- [GameApp] [           main] o.s.security.web.FilterChainProxy        : Securing GET /dashboard
2026-07-02T21:29:02.963+05:30 DEBUG 41330 --- [GameApp] [           main] o.s.s.w.a.AnonymousAuthenticationFilter  : Set SecurityContextHolder to anonymous SecurityContext
2026-07-02T21:29:02.964+05:30 DEBUG 41330 --- [GameApp] [           main] o.s.s.w.s.HttpSessionRequestCache        : Saved request http://localhost/dashboard?continue to session
2026-07-02T21:29:02.964+05:30 DEBUG 41330 --- [GameApp] [           main] o.s.s.web.DefaultRedirectStrategy        : Redirecting to http://localhost/login
]]></system-out>
  </testcase>
  <testcase name="getCalculator_Unauthenticated_RedirectsToLogin" classname="com.gameapp.controller.DashboardControllerTest" time="0.001">
    <system-out><![CDATA[2026-07-02T21:29:02.965+05:30 DEBUG 41330 --- [GameApp] [           main] o.s.security.web.FilterChainProxy        : Securing GET /calculator
2026-07-02T21:29:02.965+05:30 DEBUG 41330 --- [GameApp] [           main] o.s.s.w.a.AnonymousAuthenticationFilter  : Set SecurityContextHolder to anonymous SecurityContext
2026-07-02T21:29:02.965+05:30 DEBUG 41330 --- [GameApp] [           main] o.s.s.w.s.HttpSessionRequestCache        : Saved request http://localhost/calculator?continue to session
2026-07-02T21:29:02.965+05:30 DEBUG 41330 --- [GameApp] [           main] o.s.s.web.DefaultRedirectStrategy        : Redirecting to http://localhost/login
]]></system-out>
  </testcase>
  <testcase name="getCalculator_SetsDisplayName" classname="com.gameapp.controller.DashboardControllerTest" time="0.004">
    <system-out><![CDATA[2026-07-02T21:29:02.967+05:30 DEBUG 41330 --- [GameApp] [           main] w.c.HttpSessionSecurityContextRepository : Created HttpSession as SecurityContext is non-default
2026-07-02T21:29:02.967+05:30 DEBUG 41330 --- [GameApp] [           main] w.c.HttpSessionSecurityContextRepository : Stored SecurityContextImpl [Authentication=UsernamePasswordAuthenticationToken [Principal=org.springframework.security.core.userdetails.User [Username=mathpro, Password=[PROTECTED], Enabled=true, AccountNonExpired=true, CredentialsNonExpired=true, AccountNonLocked=true, Granted Authorities=[ROLE_USER]], Credentials=[PROTECTED], Authenticated=true, Details=null, Granted Authorities=[ROLE_USER]]] to HttpSession [org.springframework.mock.web.MockHttpSession@794ca18b]
2026-07-02T21:29:02.967+05:30 DEBUG 41330 --- [GameApp] [           main] o.s.security.web.FilterChainProxy        : Securing GET /calculator
2026-07-02T21:29:02.967+05:30 DEBUG 41330 --- [GameApp] [           main] w.c.HttpSessionSecurityContextRepository : Retrieved SecurityContextImpl [Authentication=UsernamePasswordAuthenticationToken [Principal=org.springframework.security.core.userdetails.User [Username=mathpro, Password=[PROTECTED], Enabled=true, AccountNonExpired=true, CredentialsNonExpired=true, AccountNonLocked=true, Granted Authorities=[ROLE_USER]], Credentials=[PROTECTED], Authenticated=true, Details=null, Granted Authorities=[ROLE_USER]]]
2026-07-02T21:29:02.967+05:30 DEBUG 41330 --- [GameApp] [           main] o.s.security.web.FilterChainProxy        : Secured GET /calculator
]]></system-out>
  </testcase>
  <testcase name="getDashboard_UserWithNoName" classname="com.gameapp.controller.DashboardControllerTest" time="0.004">
    <system-out><![CDATA[2026-07-02T21:29:02.972+05:30 DEBUG 41330 --- [GameApp] [           main] w.c.HttpSessionSecurityContextRepository : Created HttpSession as SecurityContext is non-default
2026-07-02T21:29:02.972+05:30 DEBUG 41330 --- [GameApp] [           main] w.c.HttpSessionSecurityContextRepository : Stored SecurityContextImpl [Authentication=UsernamePasswordAuthenticationToken [Principal=org.springframework.security.core.userdetails.User [Username=noname, Password=[PROTECTED], Enabled=true, AccountNonExpired=true, CredentialsNonExpired=true, AccountNonLocked=true, Granted Authorities=[ROLE_USER]], Credentials=[PROTECTED], Authenticated=true, Details=null, Granted Authorities=[ROLE_USER]]] to HttpSession [org.springframework.mock.web.MockHttpSession@1ec14586]
2026-07-02T21:29:02.972+05:30 DEBUG 41330 --- [GameApp] [           main] o.s.security.web.FilterChainProxy        : Securing GET /dashboard
2026-07-02T21:29:02.973+05:30 DEBUG 41330 --- [GameApp] [           main] w.c.HttpSessionSecurityContextRepository : Retrieved SecurityContextImpl [Authentication=UsernamePasswordAuthenticationToken [Principal=org.springframework.security.core.userdetails.User [Username=noname, Password=[PROTECTED], Enabled=true, AccountNonExpired=true, CredentialsNonExpired=true, AccountNonLocked=true, Granted Authorities=[ROLE_USER]], Credentials=[PROTECTED], Authenticated=true, Details=null, Granted Authorities=[ROLE_USER]]]
2026-07-02T21:29:02.973+05:30 DEBUG 41330 --- [GameApp] [           main] o.s.security.web.FilterChainProxy        : Secured GET /dashboard
]]></system-out>
  </testcase>
  <testcase name="getSnake_SetsDisplayName" classname="com.gameapp.controller.DashboardControllerTest" time="0.004">
    <system-out><![CDATA[2026-07-02T21:29:02.977+05:30 DEBUG 41330 --- [GameApp] [           main] w.c.HttpSessionSecurityContextRepository : Created HttpSession as SecurityContext is non-default
2026-07-02T21:29:02.977+05:30 DEBUG 41330 --- [GameApp] [           main] w.c.HttpSessionSecurityContextRepository : Stored SecurityContextImpl [Authentication=UsernamePasswordAuthenticationToken [Principal=org.springframework.security.core.userdetails.User [Username=gamer, Password=[PROTECTED], Enabled=true, AccountNonExpired=true, CredentialsNonExpired=true, AccountNonLocked=true, Granted Authorities=[ROLE_USER]], Credentials=[PROTECTED], Authenticated=true, Details=null, Granted Authorities=[ROLE_USER]]] to HttpSession [org.springframework.mock.web.MockHttpSession@785d194d]
2026-07-02T21:29:02.977+05:30 DEBUG 41330 --- [GameApp] [           main] o.s.security.web.FilterChainProxy        : Securing GET /game/snake
2026-07-02T21:29:02.977+05:30 DEBUG 41330 --- [GameApp] [           main] w.c.HttpSessionSecurityContextRepository : Retrieved SecurityContextImpl [Authentication=UsernamePasswordAuthenticationToken [Principal=org.springframework.security.core.userdetails.User [Username=gamer, Password=[PROTECTED], Enabled=true, AccountNonExpired=true, CredentialsNonExpired=true, AccountNonLocked=true, Granted Authorities=[ROLE_USER]], Credentials=[PROTECTED], Authenticated=true, Details=null, Granted Authorities=[ROLE_USER]]]
2026-07-02T21:29:02.978+05:30 DEBUG 41330 --- [GameApp] [           main] o.s.security.web.FilterChainProxy        : Secured GET /game/snake
]]></system-out>
  </testcase>
  <testcase name="getDashboard_SetsDisplayName" classname="com.gameapp.controller.DashboardControllerTest" time="0.005">
    <system-out><![CDATA[2026-07-02T21:29:02.982+05:30 DEBUG 41330 --- [GameApp] [           main] w.c.HttpSessionSecurityContextRepository : Created HttpSession as SecurityContext is non-default
2026-07-02T21:29:02.982+05:30 DEBUG 41330 --- [GameApp] [           main] w.c.HttpSessionSecurityContextRepository : Stored SecurityContextImpl [Authentication=UsernamePasswordAuthenticationToken [Principal=org.springframework.security.core.userdetails.User [Username=bob, Password=[PROTECTED], Enabled=true, AccountNonExpired=true, CredentialsNonExpired=true, AccountNonLocked=true, Granted Authorities=[ROLE_USER]], Credentials=[PROTECTED], Authenticated=true, Details=null, Granted Authorities=[ROLE_USER]]] to HttpSession [org.springframework.mock.web.MockHttpSession@25824720]
2026-07-02T21:29:02.982+05:30 DEBUG 41330 --- [GameApp] [           main] o.s.security.web.FilterChainProxy        : Securing GET /dashboard
2026-07-02T21:29:02.982+05:30 DEBUG 41330 --- [GameApp] [           main] w.c.HttpSessionSecurityContextRepository : Retrieved SecurityContextImpl [Authentication=UsernamePasswordAuthenticationToken [Principal=org.springframework.security.core.userdetails.User [Username=bob, Password=[PROTECTED], Enabled=true, AccountNonExpired=true, CredentialsNonExpired=true, AccountNonLocked=true, Granted Authorities=[ROLE_USER]], Credentials=[PROTECTED], Authenticated=true, Details=null, Granted Authorities=[ROLE_USER]]]
2026-07-02T21:29:02.982+05:30 DEBUG 41330 --- [GameApp] [           main] o.s.security.web.FilterChainProxy        : Secured GET /dashboard
]]></system-out>
  </testcase>
</testsuite>